android/app/build/app/intermediates/manifest_merge_blame_file/debug/processDebugMainManifest/manifest-merger-blame-debug-report.txt
1<?xml version="1.0" encoding="utf-8"?>
2<manifest xmlns:android="http://schemas.android.com/apk/res/android"
3    package="com.example.morrow_v2"
4    android:versionCode="1"
5    android:versionName="1.0.0" >
6
7    <uses-sdk
8        android:minSdkVersion="21"
9        android:targetSdkVersion="36" />
10    <!--
11         The INTERNET permission is required for development. Specifically,
12         the Flutter tool needs it to communicate with the running application
13         to allow setting breakpoints, to provide hot reload, etc.
14    -->
15    <uses-permission android:name="android.permission.INTERNET" />
15-->src\debug\AndroidManifest.xml:6:5-66
15-->src\debug\AndroidManifest.xml:6:22-64
16    <!--
17     Required to query activities that can process text, see:
18         https://developer.android.com/training/package-visibility and
19         https://developer.android.com/reference/android/content/Intent#ACTION_PROCESS_TEXT.
20
21         In particular, this is used by the Flutter engine in io.flutter.plugin.text.ProcessTextPlugin.
22    -->
23    <queries>
23-->src\main\AndroidManifest.xml:39:5-44:15
24        <intent>
24-->src\main\AndroidManifest.xml:40:9-43:18
25            <action android:name="android.intent.action.PROCESS_TEXT" />
25-->src\main\AndroidManifest.xml:41:13-72
25-->src\main\AndroidManifest.xml:41:21-70
26
27            <data android:mimeType="text/plain" />
27-->src\main\AndroidManifest.xml:42:13-50
27-->src\main\AndroidManifest.xml:42:19-48
28        </intent>
29    </queries>
30
31    <uses-permission android:name="android.permission.WAKE_LOCK" />
31-->[:firebase_messaging] AndroidManifest.xml:8:5-68
31-->[:firebase_messaging] AndroidManifest.xml:8:22-65
32    <uses-permission android:name="android.permission.ACCESS_NETWORK_STATE" /> <!-- Permissions options for the `notification` group -->
32-->[:firebase_messaging] AndroidManifest.xml:9:5-79
32-->[:firebase_messaging] AndroidManifest.xml:9:22-76
33    <uses-permission android:name="android.permission.POST_NOTIFICATIONS" /> <!-- Required by older versions of Google Play services to create IID tokens -->
33-->[:firebase_messaging] AndroidManifest.xml:11:5-77
33-->[:firebase_messaging] AndroidManifest.xml:11:22-74
34    <uses-permission android:name="com.google.android.c2dm.permission.RECEIVE" />
34-->[com.google.firebase:firebase-messaging:23.4.1] AndroidManifest.xml:26:5-82
34-->[com.google.firebase:firebase-messaging:23.4.1] AndroidManifest.xml:26:22-79
35    <uses-permission android:name="android.permission.VIBRATE" />
35-->[:flutter_local_notifications] AndroidManifest.xml:7:5-66
35-->[:flutter_local_notifications] AndroidManifest.xml:7:22-63
36    <uses-permission android:name="com.google.android.providers.gsf.permission.READ_GSERVICES" />
36-->[com.google.android.recaptcha:recaptcha:18.4.0] AndroidManifest.xml:9:5-98
36-->[com.google.android.recaptcha:recaptcha:18.4.0] AndroidManifest.xml:9:22-95
37
38    <permission
38-->[androidx.core:core:1.13.1] AndroidManifest.xml:22:5-24:47
39        android:name="com.example.morrow_v2.DYNAMIC_RECEIVER_NOT_EXPORTED_PERMISSION"
39-->[androidx.core:core:1.13.1] AndroidManifest.xml:23:9-81
40        android:protectionLevel="signature" />
40-->[androidx.core:core:1.13.1] AndroidManifest.xml:24:9-44
41
42    <uses-permission android:name="com.example.morrow_v2.DYNAMIC_RECEIVER_NOT_EXPORTED_PERMISSION" />
42-->[androidx.core:core:1.13.1] AndroidManifest.xml:26:5-97
42-->[androidx.core:core:1.13.1] AndroidManifest.xml:26:22-94
43
44    <application
45        android:name="android.app.Application"
46        android:appComponentFactory="androidx.core.app.CoreComponentFactory"
46-->[androidx.core:core:1.13.1] AndroidManifest.xml:28:18-86
47        android:debuggable="true"
48        android:extractNativeLibs="true"
49        android:icon="@mipmap/ic_launcher"
50        android:label="morrow_v2" >
51        <activity
52            android:name="com.example.morrow_v2.MainActivity"
53            android:configChanges="orientation|keyboardHidden|keyboard|screenSize|smallestScreenSize|locale|layoutDirection|fontScale|screenLayout|density|uiMode"
54            android:exported="true"
55            android:hardwareAccelerated="true"
56            android:launchMode="singleTop"
57            android:taskAffinity=""
58            android:theme="@style/LaunchTheme"
59            android:windowSoftInputMode="adjustResize" >
60
61            <!--
62                 Specifies an Android theme to apply to this Activity as soon as
63                 the Android process has started. This theme is visible to the user
64                 while the Flutter UI initializes. After that, this theme continues
65                 to determine the Window background behind the Flutter UI.
66            -->
67            <meta-data
68                android:name="io.flutter.embedding.android.NormalTheme"
69                android:resource="@style/NormalTheme" />
70
71            <intent-filter>
72                <action android:name="android.intent.action.MAIN" />
73
74                <category android:name="android.intent.category.LAUNCHER" />
75            </intent-filter>
76        </activity>
77        <!--
78             Don't delete the meta-data below.
79             This is used by the Flutter tool to generate GeneratedPluginRegistrant.java
80        -->
81        <meta-data
82            android:name="flutterEmbedding"
83            android:value="2" />
84
85        <service
85-->[:firebase_auth] AndroidManifest.xml:8:9-12:19
86            android:name="com.google.firebase.components.ComponentDiscoveryService"
86-->[:firebase_auth] AndroidManifest.xml:8:18-89
87            android:directBootAware="true"
87-->[com.google.firebase:firebase-common:20.4.3] AndroidManifest.xml:32:13-43
88            android:exported="false" >
88-->[com.google.firebase:firebase-auth:22.3.1] AndroidManifest.xml:68:13-37
89            <meta-data
89-->[:firebase_auth] AndroidManifest.xml:9:13-11:85
90                android:name="com.google.firebase.components:io.flutter.plugins.firebase.auth.FlutterFirebaseAuthRegistrar"
90-->[:firebase_auth] AndroidManifest.xml:10:17-124
91                android:value="com.google.firebase.components.ComponentRegistrar" />
91-->[:firebase_auth] AndroidManifest.xml:11:17-82
92            <meta-data
92-->[:cloud_firestore] AndroidManifest.xml:9:13-11:85
93                android:name="com.google.firebase.components:io.flutter.plugins.firebase.firestore.FlutterFirebaseFirestoreRegistrar"
93-->[:cloud_firestore] AndroidManifest.xml:10:17-134
94                android:value="com.google.firebase.components.ComponentRegistrar" />
94-->[:cloud_firestore] AndroidManifest.xml:11:17-82
95            <meta-data
95-->[:firebase_messaging] AndroidManifest.xml:36:13-38:85
96                android:name="com.google.firebase.components:io.flutter.plugins.firebase.messaging.FlutterFirebaseAppRegistrar"
96-->[:firebase_messaging] AndroidManifest.xml:37:17-128
97                android:value="com.google.firebase.components.ComponentRegistrar" />
97-->[:firebase_messaging] AndroidManifest.xml:38:17-82
98            <meta-data
98-->[:firebase_storage] AndroidManifest.xml:9:13-11:85
99                android:name="com.google.firebase.components:io.flutter.plugins.firebase.storage.FlutterFirebaseAppRegistrar"
99-->[:firebase_storage] AndroidManifest.xml:10:17-126
100                android:value="com.google.firebase.components.ComponentRegistrar" />
100-->[:firebase_storage] AndroidManifest.xml:11:17-82
101            <meta-data
101-->[:firebase_core] AndroidManifest.xml:9:13-11:85
102                android:name="com.google.firebase.components:io.flutter.plugins.firebase.core.FlutterFirebaseCoreRegistrar"
102-->[:firebase_core] AndroidManifest.xml:10:17-124
103                android:value="com.google.firebase.components.ComponentRegistrar" />
103-->[:firebase_core] AndroidManifest.xml:11:17-82
104            <meta-data
104-->[com.google.firebase:firebase-auth:22.3.1] AndroidManifest.xml:69:13-71:85
105                android:name="com.google.firebase.components:com.google.firebase.auth.FirebaseAuthRegistrar"
105-->[com.google.firebase:firebase-auth:22.3.1] AndroidManifest.xml:70:17-109
106                android:value="com.google.firebase.components.ComponentRegistrar" />
106-->[com.google.firebase:firebase-auth:22.3.1] AndroidManifest.xml:71:17-82
107            <meta-data
107-->[com.google.firebase:firebase-firestore:24.11.0] AndroidManifest.xml:17:13-19:85
108                android:name="com.google.firebase.components:com.google.firebase.firestore.FirebaseFirestoreKtxRegistrar"
108-->[com.google.firebase:firebase-firestore:24.11.0] AndroidManifest.xml:18:17-122
109                android:value="com.google.firebase.components.ComponentRegistrar" />
109-->[com.google.firebase:firebase-firestore:24.11.0] AndroidManifest.xml:19:17-82
110            <meta-data
110-->[com.google.firebase:firebase-firestore:24.11.0] AndroidManifest.xml:20:13-22:85
111                android:name="com.google.firebase.components:com.google.firebase.firestore.FirestoreRegistrar"
111-->[com.google.firebase:firebase-firestore:24.11.0] AndroidManifest.xml:21:17-111
112                android:value="com.google.firebase.components.ComponentRegistrar" />
112-->[com.google.firebase:firebase-firestore:24.11.0] AndroidManifest.xml:22:17-82
113            <meta-data
113-->[com.google.firebase:firebase-messaging:23.4.1] AndroidManifest.xml:57:13-59:85
114                android:name="com.google.firebase.components:com.google.firebase.messaging.FirebaseMessagingKtxRegistrar"
114-->[com.google.firebase:firebase-messaging:23.4.1] AndroidManifest.xml:58:17-122
115                android:value="com.google.firebase.components.ComponentRegistrar" />
115-->[com.google.firebase:firebase-messaging:23.4.1] AndroidManifest.xml:59:17-82
116            <meta-data
116-->[com.google.firebase:firebase-messaging:23.4.1] AndroidManifest.xml:60:13-62:85
117                android:name="com.google.firebase.components:com.google.firebase.messaging.FirebaseMessagingRegistrar"
117-->[com.google.firebase:firebase-messaging:23.4.1] AndroidManifest.xml:61:17-119
118                android:value="com.google.firebase.components.ComponentRegistrar" />
118-->[com.google.firebase:firebase-messaging:23.4.1] AndroidManifest.xml:62:17-82
119            <meta-data
119-->[com.google.firebase:firebase-storage:20.3.0] AndroidManifest.xml:30:13-32:85
120                android:name="com.google.firebase.components:com.google.firebase.storage.FirebaseStorageKtxRegistrar"
120-->[com.google.firebase:firebase-storage:20.3.0] AndroidManifest.xml:31:17-118
121                android:value="com.google.firebase.components.ComponentRegistrar" />
121-->[com.google.firebase:firebase-storage:20.3.0] AndroidManifest.xml:32:17-82
122            <meta-data
122-->[com.google.firebase:firebase-storage:20.3.0] AndroidManifest.xml:33:13-35:85
123                android:name="com.google.firebase.components:com.google.firebase.storage.StorageRegistrar"
123-->[com.google.firebase:firebase-storage:20.3.0] AndroidManifest.xml:34:17-107
124                android:value="com.google.firebase.components.ComponentRegistrar" />
124-->[com.google.firebase:firebase-storage:20.3.0] AndroidManifest.xml:35:17-82
125            <meta-data
125-->[com.google.firebase:firebase-iid:21.1.0] AndroidManifest.xml:32:13-34:85
126                android:name="com.google.firebase.components:com.google.firebase.iid.Registrar"
126-->[com.google.firebase:firebase-iid:21.1.0] AndroidManifest.xml:33:17-96
127                android:value="com.google.firebase.components.ComponentRegistrar" />
127-->[com.google.firebase:firebase-iid:21.1.0] AndroidManifest.xml:34:17-82
128            <meta-data
128-->[com.google.firebase:firebase-installations:17.2.0] AndroidManifest.xml:15:13-17:85
129                android:name="com.google.firebase.components:com.google.firebase.installations.FirebaseInstallationsKtxRegistrar"
129-->[com.google.firebase:firebase-installations:17.2.0] AndroidManifest.xml:16:17-130
130                android:value="com.google.firebase.components.ComponentRegistrar" />
130-->[com.google.firebase:firebase-installations:17.2.0] AndroidManifest.xml:17:17-82
131            <meta-data
131-->[com.google.firebase:firebase-installations:17.2.0] AndroidManifest.xml:18:13-20:85
132                android:name="com.google.firebase.components:com.google.firebase.installations.FirebaseInstallationsRegistrar"
132-->[com.google.firebase:firebase-installations:17.2.0] AndroidManifest.xml:19:17-127
133                android:value="com.google.firebase.components.ComponentRegistrar" />
133-->[com.google.firebase:firebase-installations:17.2.0] AndroidManifest.xml:20:17-82
134            <meta-data
134-->[com.google.firebase:firebase-appcheck:17.1.2] AndroidManifest.xml:25:13-27:85
135                android:name="com.google.firebase.components:com.google.firebase.appcheck.FirebaseAppCheckKtxRegistrar"
135-->[com.google.firebase:firebase-appcheck:17.1.2] AndroidManifest.xml:26:17-120
136                android:value="com.google.firebase.components.ComponentRegistrar" />
136-->[com.google.firebase:firebase-appcheck:17.1.2] AndroidManifest.xml:27:17-82
137            <meta-data
137-->[com.google.firebase:firebase-appcheck:17.1.2] AndroidManifest.xml:28:13-30:85
138                android:name="com.google.firebase.components:com.google.firebase.appcheck.FirebaseAppCheckRegistrar"
138-->[com.google.firebase:firebase-appcheck:17.1.2] AndroidManifest.xml:29:17-117
139                android:value="com.google.firebase.components.ComponentRegistrar" />
139-->[com.google.firebase:firebase-appcheck:17.1.2] AndroidManifest.xml:30:17-82
140            <meta-data
140-->[com.google.firebase:firebase-common-ktx:20.4.3] AndroidManifest.xml:12:13-14:85
141                android:name="com.google.firebase.components:com.google.firebase.ktx.FirebaseCommonLegacyRegistrar"
141-->[com.google.firebase:firebase-common-ktx:20.4.3] AndroidManifest.xml:13:17-116
142                android:value="com.google.firebase.components.ComponentRegistrar" />
142-->[com.google.firebase:firebase-common-ktx:20.4.3] AndroidManifest.xml:14:17-82
143            <meta-data
143-->[com.google.firebase:firebase-common:20.4.3] AndroidManifest.xml:35:13-37:85
144                android:name="com.google.firebase.components:com.google.firebase.FirebaseCommonKtxRegistrar"
144-->[com.google.firebase:firebase-common:20.4.3] AndroidManifest.xml:36:17-109
145                android:value="com.google.firebase.components.ComponentRegistrar" />
145-->[com.google.firebase:firebase-common:20.4.3] AndroidManifest.xml:37:17-82
146            <meta-data
146-->[com.google.firebase:firebase-datatransport:18.1.7] AndroidManifest.xml:27:13-29:85
147                android:name="com.google.firebase.components:com.google.firebase.datatransport.TransportRegistrar"
147-->[com.google.firebase:firebase-datatransport:18.1.7] AndroidManifest.xml:28:17-115
148                android:value="com.google.firebase.components.ComponentRegistrar" />
148-->[com.google.firebase:firebase-datatransport:18.1.7] AndroidManifest.xml:29:17-82
149        </service>
150        <service
150-->[:firebase_messaging] AndroidManifest.xml:14:9-17:72
151            android:name="io.flutter.plugins.firebase.messaging.FlutterFirebaseMessagingBackgroundService"
151-->[:firebase_messaging] AndroidManifest.xml:15:13-107
152            android:exported="false"
152-->[:firebase_messaging] AndroidManifest.xml:16:13-37
153            android:permission="android.permission.BIND_JOB_SERVICE" />
153-->[:firebase_messaging] AndroidManifest.xml:17:13-69
154        <service
154-->[:firebase_messaging] AndroidManifest.xml:18:9-24:19
155            android:name="io.flutter.plugins.firebase.messaging.FlutterFirebaseMessagingService"
155-->[:firebase_messaging] AndroidManifest.xml:19:13-97
156            android:exported="false" >
156-->[:firebase_messaging] AndroidManifest.xml:20:13-37
157            <intent-filter>
157-->[:firebase_messaging] AndroidManifest.xml:21:13-23:29
158                <action android:name="com.google.firebase.MESSAGING_EVENT" />
158-->[:firebase_messaging] AndroidManifest.xml:22:17-78
158-->[:firebase_messaging] AndroidManifest.xml:22:25-75
159            </intent-filter>
160        </service>
161
162        <receiver
162-->[:firebase_messaging] AndroidManifest.xml:26:9-33:20
163            android:name="io.flutter.plugins.firebase.messaging.FlutterFirebaseMessagingReceiver"
163-->[:firebase_messaging] AndroidManifest.xml:27:13-98
164            android:exported="true"
164-->[:firebase_messaging] AndroidManifest.xml:28:13-36
165            android:permission="com.google.android.c2dm.permission.SEND" >
165-->[:firebase_messaging] AndroidManifest.xml:29:13-73
166            <intent-filter>
166-->[:firebase_messaging] AndroidManifest.xml:30:13-32:29
167                <action android:name="com.google.android.c2dm.intent.RECEIVE" />
167-->[:firebase_messaging] AndroidManifest.xml:31:17-81
167-->[:firebase_messaging] AndroidManifest.xml:31:25-78
168            </intent-filter>
169        </receiver>
170
171        <provider
171-->[:firebase_messaging] AndroidManifest.xml:41:9-45:38
172            android:name="io.flutter.plugins.firebase.messaging.FlutterFirebaseMessagingInitProvider"
172-->[:firebase_messaging] AndroidManifest.xml:42:13-102
173            android:authorities="com.example.morrow_v2.flutterfirebasemessaginginitprovider"
173-->[:firebase_messaging] AndroidManifest.xml:43:13-88
174            android:exported="false"
174-->[:firebase_messaging] AndroidManifest.xml:44:13-37
175            android:initOrder="99" />
175-->[:firebase_messaging] AndroidManifest.xml:45:13-35
176
177        <activity
177-->[com.google.firebase:firebase-auth:22.3.1] AndroidManifest.xml:29:9-46:20
178            android:name="com.google.firebase.auth.internal.GenericIdpActivity"
178-->[com.google.firebase:firebase-auth:22.3.1] AndroidManifest.xml:30:13-80
179            android:excludeFromRecents="true"
179-->[com.google.firebase:firebase-auth:22.3.1] AndroidManifest.xml:31:13-46
180            android:exported="true"
180-->[com.google.firebase:firebase-auth:22.3.1] AndroidManifest.xml:32:13-36
181            android:launchMode="singleTask"
181-->[com.google.firebase:firebase-auth:22.3.1] AndroidManifest.xml:33:13-44
182            android:theme="@android:style/Theme.Translucent.NoTitleBar" >
182-->[com.google.firebase:firebase-auth:22.3.1] AndroidManifest.xml:34:13-72
183            <intent-filter>
183-->[com.google.firebase:firebase-auth:22.3.1] AndroidManifest.xml:35:13-45:29
184                <action android:name="android.intent.action.VIEW" />
184-->[com.google.firebase:firebase-auth:22.3.1] AndroidManifest.xml:36:17-69
184-->[com.google.firebase:firebase-auth:22.3.1] AndroidManifest.xml:36:25-66
185
186                <category android:name="android.intent.category.DEFAULT" />
186-->[com.google.firebase:firebase-auth:22.3.1] AndroidManifest.xml:38:17-76
186-->[com.google.firebase:firebase-auth:22.3.1] AndroidManifest.xml:38:27-73
187                <category android:name="android.intent.category.BROWSABLE" />
187-->[com.google.firebase:firebase-auth:22.3.1] AndroidManifest.xml:39:17-78
187-->[com.google.firebase:firebase-auth:22.3.1] AndroidManifest.xml:39:27-75
188
189                <data
189-->src\main\AndroidManifest.xml:42:13-50
190                    android:host="firebase.auth"
191                    android:path="/"
192                    android:scheme="genericidp" />
193            </intent-filter>
194        </activity>
195        <activity
195-->[com.google.firebase:firebase-auth:22.3.1] AndroidManifest.xml:47:9-64:20
196            android:name="com.google.firebase.auth.internal.RecaptchaActivity"
196-->[com.google.firebase:firebase-auth:22.3.1] AndroidManifest.xml:48:13-79
197            android:excludeFromRecents="true"
197-->[com.google.firebase:firebase-auth:22.3.1] AndroidManifest.xml:49:13-46
198            android:exported="true"
198-->[com.google.firebase:firebase-auth:22.3.1] AndroidManifest.xml:50:13-36
199            android:launchMode="singleTask"
199-->[com.google.firebase:firebase-auth:22.3.1] AndroidManifest.xml:51:13-44
200            android:theme="@android:style/Theme.Translucent.NoTitleBar" >
200-->[com.google.firebase:firebase-auth:22.3.1] AndroidManifest.xml:52:13-72
201            <intent-filter>
201-->[com.google.firebase:firebase-auth:22.3.1] AndroidManifest.xml:53:13-63:29
202                <action android:name="android.intent.action.VIEW" />
202-->[com.google.firebase:firebase-auth:22.3.1] AndroidManifest.xml:36:17-69
202-->[com.google.firebase:firebase-auth:22.3.1] AndroidManifest.xml:36:25-66
203
204                <category android:name="android.intent.category.DEFAULT" />
204-->[com.google.firebase:firebase-auth:22.3.1] AndroidManifest.xml:38:17-76
204-->[com.google.firebase:firebase-auth:22.3.1] AndroidManifest.xml:38:27-73
205                <category android:name="android.intent.category.BROWSABLE" />
205-->[com.google.firebase:firebase-auth:22.3.1] AndroidManifest.xml:39:17-78
205-->[com.google.firebase:firebase-auth:22.3.1] AndroidManifest.xml:39:27-75
206
207                <data
207-->src\main\AndroidManifest.xml:42:13-50
208                    android:host="firebase.auth"
209                    android:path="/"
210                    android:scheme="recaptcha" />
211            </intent-filter>
212        </activity>
213
214        <receiver
214-->[com.google.firebase:firebase-messaging:23.4.1] AndroidManifest.xml:29:9-40:20
215            android:name="com.google.firebase.iid.FirebaseInstanceIdReceiver"
215-->[com.google.firebase:firebase-messaging:23.4.1] AndroidManifest.xml:30:13-78
216            android:exported="true"
216-->[com.google.firebase:firebase-messaging:23.4.1] AndroidManifest.xml:31:13-36
217            android:permission="com.google.android.c2dm.permission.SEND" >
217-->[com.google.firebase:firebase-messaging:23.4.1] AndroidManifest.xml:32:13-73
218            <intent-filter>
218-->[:firebase_messaging] AndroidManifest.xml:30:13-32:29
219                <action android:name="com.google.android.c2dm.intent.RECEIVE" />
219-->[:firebase_messaging] AndroidManifest.xml:31:17-81
219-->[:firebase_messaging] AndroidManifest.xml:31:25-78
220            </intent-filter>
221
222            <meta-data
222-->[com.google.firebase:firebase-messaging:23.4.1] AndroidManifest.xml:37:13-39:40
223                android:name="com.google.android.gms.cloudmessaging.FINISHED_AFTER_HANDLED"
223-->[com.google.firebase:firebase-messaging:23.4.1] AndroidManifest.xml:38:17-92
224                android:value="true" />
224-->[com.google.firebase:firebase-messaging:23.4.1] AndroidManifest.xml:39:17-37
225        </receiver>
226        <!--
227             FirebaseMessagingService performs security checks at runtime,
228             but set to not exported to explicitly avoid allowing another app to call it.
229        -->
230        <service
230-->[com.google.firebase:firebase-messaging:23.4.1] AndroidManifest.xml:46:9-53:19
231            android:name="com.google.firebase.messaging.FirebaseMessagingService"
231-->[com.google.firebase:firebase-messaging:23.4.1] AndroidManifest.xml:47:13-82
232            android:directBootAware="true"
232-->[com.google.firebase:firebase-messaging:23.4.1] AndroidManifest.xml:48:13-43
233            android:exported="false" >
233-->[com.google.firebase:firebase-messaging:23.4.1] AndroidManifest.xml:49:13-37
234            <intent-filter android:priority="-500" >
234-->[:firebase_messaging] AndroidManifest.xml:21:13-23:29
235                <action android:name="com.google.firebase.MESSAGING_EVENT" />
235-->[:firebase_messaging] AndroidManifest.xml:22:17-78
235-->[:firebase_messaging] AndroidManifest.xml:22:25-75
236            </intent-filter>
237        </service>
238        <!--
239           Declares a provider which allows us to store files to share in
240           '.../caches/share_plus' and grant the receiving action access
241        -->
242        <provider
242-->[:share_plus] AndroidManifest.xml:13:9-21:20
243            android:name="dev.fluttercommunity.plus.share.ShareFileProvider"
243-->[:share_plus] AndroidManifest.xml:14:13-77
244            android:authorities="com.example.morrow_v2.flutter.share_provider"
244-->[:share_plus] AndroidManifest.xml:15:13-74
245            android:exported="false"
245-->[:share_plus] AndroidManifest.xml:16:13-37
246            android:grantUriPermissions="true" >
246-->[:share_plus] AndroidManifest.xml:17:13-47
247            <meta-data
247-->[:share_plus] AndroidManifest.xml:18:13-20:68
248                android:name="android.support.FILE_PROVIDER_PATHS"
248-->[:share_plus] AndroidManifest.xml:19:17-67
249                android:resource="@xml/flutter_share_file_paths" />
249-->[:share_plus] AndroidManifest.xml:20:17-65
250        </provider>
251        <!--
252           This manifest declared broadcast receiver allows us to use an explicit
253           Intent when creating a PendingItent to be informed of the user's choice
254        -->
255        <receiver
255-->[:share_plus] AndroidManifest.xml:26:9-32:20
256            android:name="dev.fluttercommunity.plus.share.SharePlusPendingIntent"
256-->[:share_plus] AndroidManifest.xml:27:13-82
257            android:exported="false" >
257-->[:share_plus] AndroidManifest.xml:28:13-37
258            <intent-filter>
258-->[:share_plus] AndroidManifest.xml:29:13-31:29
259                <action android:name="EXTRA_CHOSEN_COMPONENT" />
259-->[:share_plus] AndroidManifest.xml:30:17-65
259-->[:share_plus] AndroidManifest.xml:30:25-62
260            </intent-filter>
261        </receiver>
262
263        <provider
263-->[:image_picker_android] AndroidManifest.xml:9:9-17:20
264            android:name="io.flutter.plugins.imagepicker.ImagePickerFileProvider"
264-->[:image_picker_android] AndroidManifest.xml:10:13-82
265            android:authorities="com.example.morrow_v2.flutter.image_provider"
265-->[:image_picker_android] AndroidManifest.xml:11:13-74
266            android:exported="false"
266-->[:image_picker_android] AndroidManifest.xml:12:13-37
267            android:grantUriPermissions="true" >
267-->[:image_picker_android] AndroidManifest.xml:13:13-47
268            <meta-data
268-->[:share_plus] AndroidManifest.xml:18:13-20:68
269                android:name="android.support.FILE_PROVIDER_PATHS"
269-->[:share_plus] AndroidManifest.xml:19:17-67
270                android:resource="@xml/flutter_image_picker_file_paths" />
270-->[:share_plus] AndroidManifest.xml:20:17-65
271        </provider> <!-- Trigger Google Play services to install the backported photo picker module. -->
272        <service
272-->[:image_picker_android] AndroidManifest.xml:19:9-31:19
273            android:name="com.google.android.gms.metadata.ModuleDependencies"
273-->[:image_picker_android] AndroidManifest.xml:20:13-78
274            android:enabled="false"
274-->[:image_picker_android] AndroidManifest.xml:21:13-36
275            android:exported="false" >
275-->[:image_picker_android] AndroidManifest.xml:22:13-37
276            <intent-filter>
276-->[:image_picker_android] AndroidManifest.xml:24:13-26:29
277                <action android:name="com.google.android.gms.metadata.MODULE_DEPENDENCIES" />
277-->[:image_picker_android] AndroidManifest.xml:25:17-94
277-->[:image_picker_android] AndroidManifest.xml:25:25-91
278            </intent-filter>
279
280            <meta-data
280-->[:image_picker_android] AndroidManifest.xml:28:13-30:36
281                android:name="photopicker_activity:0:required"
281-->[:image_picker_android] AndroidManifest.xml:29:17-63
282                android:value="" />
282-->[:image_picker_android] AndroidManifest.xml:30:17-33
283        </service>
284
285        <activity
285-->[:url_launcher_android] AndroidManifest.xml:8:9-11:74
286            android:name="io.flutter.plugins.urllauncher.WebViewActivity"
286-->[:url_launcher_android] AndroidManifest.xml:9:13-74
287            android:exported="false"
287-->[:url_launcher_android] AndroidManifest.xml:10:13-37
288            android:theme="@android:style/Theme.NoTitleBar.Fullscreen" />
288-->[:url_launcher_android] AndroidManifest.xml:11:13-71
289
290        <uses-library
290-->[androidx.window:window:1.2.0] AndroidManifest.xml:23:9-25:40
291            android:name="androidx.window.extensions"
291-->[androidx.window:window:1.2.0] AndroidManifest.xml:24:13-54
292            android:required="false" />
292-->[androidx.window:window:1.2.0] AndroidManifest.xml:25:13-37
293        <uses-library
293-->[androidx.window:window:1.2.0] AndroidManifest.xml:26:9-28:40
294            android:name="androidx.window.sidecar"
294-->[androidx.window:window:1.2.0] AndroidManifest.xml:27:13-51
295            android:required="false" />
295-->[androidx.window:window:1.2.0] AndroidManifest.xml:28:13-37
296
297        <activity
297-->[com.google.android.gms:play-services-auth:21.0.0] AndroidManifest.xml:23:9-27:75
298            android:name="com.google.android.gms.auth.api.signin.internal.SignInHubActivity"
298-->[com.google.android.gms:play-services-auth:21.0.0] AndroidManifest.xml:24:13-93
299            android:excludeFromRecents="true"
299-->[com.google.android.gms:play-services-auth:21.0.0] AndroidManifest.xml:25:13-46
300            android:exported="false"
300-->[com.google.android.gms:play-services-auth:21.0.0] AndroidManifest.xml:26:13-37
301            android:theme="@android:style/Theme.Translucent.NoTitleBar" />
301-->[com.google.android.gms:play-services-auth:21.0.0] AndroidManifest.xml:27:13-72
302        <!--
303            Service handling Google Sign-In user revocation. For apps that do not integrate with
304            Google Sign-In, this service will never be started.
305        -->
306        <service